updating LumensalisCP\Lights\Patterns.py
updating TerrainTronics\Demos\CaernarfonGate.py
updating lumensaliscplib\TerrainTronics\Demos\CaernarfonGate.py to F:\lib\TerrainTronics\Demos\CaernarfonGate.py
updating lumensaliscplib\LumensalisCP\Lights\Patterns.py to F:\lib\LumensalisCP\Lights\Patterns.py
updating lumensaliscplib\LumensalisCP\Lights\Patterns.py to F:\lib\LumensalisCP\Lights\Patterns.py
updating lumensaliscplib\LumensalisCP\Lights\Patterns.py to F:\lib\LumensalisCP\Lights\Patterns.py
updating lumensaliscplib\LumensalisCP\Lights\Patterns.py to F:\lib\LumensalisCP\Lights\Patterns.py
updating lumensaliscplib\TerrainTronics\Demos\CaernarfonGate.py to F:\lib\TerrainTronics\Demos\CaernarfonGate.py
updating lumensaliscplib\LumensalisCP\Main\Manager.py to F:\lib\LumensalisCP\Main\Manager.py
updating lumensaliscplib\LumensalisCP\Lights\LightBase.py to F:\lib\LumensalisCP\Lights\LightBase.py
updating lumensaliscplib\LumensalisCP\Lights\Patterns.py to F:\lib\LumensalisCP\Lights\Patterns.py
updating lumensaliscplib\LumensalisCP\Lights\Patterns.py to F:\lib\LumensalisCP\Lights\Patterns.py
updating lumensaliscplib\TerrainTronics\Demos\CaernarfonGate.py to F:\lib\TerrainTronics\Demos\CaernarfonGate.py
updating lumensaliscplib\LumensalisCP\Lights\Patterns.py to F:\lib\LumensalisCP\Lights\Patterns.py
updating lumensaliscplib\LumensalisCP\Lights\Patterns.py to F:\lib\LumensalisCP\Lights\Patterns.py
updating lumensaliscplib\TerrainTronics\Demos\CaernarfonGate.py to F:\lib\TerrainTronics\Demos\CaernarfonGate.py
updating lumensaliscplib\LumensalisCP\Lights\Patterns.py to F:\lib\LumensalisCP\Lights\Patterns.py
updating lumensaliscplib\LumensalisCP\Lights\Patterns.py to F:\lib\LumensalisCP\Lights\Patterns.py
updating lumensaliscplib\LumensalisCP\Scenes\Scene.py to F:\lib\LumensalisCP\Scenes\Scene.py
updating lumensaliscplib\TerrainTronics\Demos\CaernarfonGate.py to F:\lib\TerrainTronics\Demos\CaernarfonGate.py
updating lumensaliscplib\TerrainTronics\Demos\CaernarfonGate.py to F:\lib\TerrainTronics\Demos\CaernarfonGate.py
updating lumensaliscplib\LumensalisCP\Lights\Patterns.py to F:\lib\LumensalisCP\Lights\Patterns.py
updating lumensaliscplib\LumensalisCP\Lights\LightBase.py to F:\lib\LumensalisCP\Lights\LightBase.py
updating lumensaliscplib\TerrainTronics\Demos\CaernarfonGate.py to F:\lib\TerrainTronics\Demos\CaernarfonGate.py
updating lumensaliscplib\LumensalisCP\Main\Updates.py to F:\lib\LumensalisCP\Main\Updates.py
updating lumensaliscplib\LumensalisCP\Lights\Patterns.py to F:\lib\LumensalisCP\Lights\Patterns.py
updating lumensaliscplib\LumensalisCP\util\bags.py to F:\lib\LumensalisCP\util\bags.py
updating lumensaliscplib\LumensalisCP\util\bags.py to F:\lib\LumensalisCP\util\bags.py
updating lumensaliscplib\LumensalisCP\Scenes\Scene.py to F:\lib\LumensalisCP\Scenes\Scene.py
updating lumensaliscplib\LumensalisCP\util\bags.py to F:\lib\LumensalisCP\util\bags.py
updating lumensaliscplib\LumensalisCP\util\bags.py to F:\lib\LumensalisCP\util\bags.py
updating lumensaliscplib\TerrainTronics\Demos\CaernarfonGate.py to F:\lib\TerrainTronics\Demos\CaernarfonGate.py
updating lumensaliscplib\TerrainTronics\Demos\CaernarfonGate.py to F:\lib\TerrainTronics\Demos\CaernarfonGate.py
updating lumensaliscplib\TerrainTronics\Demos\CaernarfonGate.py to F:\lib\TerrainTronics\Demos\CaernarfonGate.py
updating lumensaliscplib\LumensalisCP\util\bags.py to F:\lib\LumensalisCP\util\bags.py
updating lumensaliscplib\TerrainTronics\Demos\CaernarfonGate.py to F:\lib\TerrainTronics\Demos\CaernarfonGate.py
updating lumensaliscplib\LumensalisCP\Main\Updates.py to F:\lib\LumensalisCP\Main\Updates.py
updating lumensaliscplib\LumensalisCP\Main\Expressions.py to F:\lib\LumensalisCP\Main\Expressions.py
updating lumensaliscplib\LumensalisCP\Main\Manager.py to F:\lib\LumensalisCP\Main\Manager.py
updating lumensaliscplib\TerrainTronics\D1MiniBoardBase.py to F:\lib\TerrainTronics\D1MiniBoardBase.py
updating lumensaliscplib\TerrainTronics\Caernarfon\Castle.py to F:\lib\TerrainTronics\Caernarfon\Castle.py
updating lumensaliscplib\LumensalisCP\Main\Updates.py to F:\lib\LumensalisCP\Main\Updates.py
updating lumensaliscplib\TerrainTronics\Demos\DemoBase.py to F:\lib\TerrainTronics\Demos\DemoBase.py
updating lumensaliscplib\LumensalisCP\Main\Manager.py to F:\lib\LumensalisCP\Main\Manager.py
updating lumensaliscplib\LumensalisCP\Controllers\__init__.py to F:\lib\LumensalisCP\Controllers\__init__.py
updating lumensaliscplib\LumensalisCP\Controllers\__init__.py to F:\lib\LumensalisCP\Controllers\__init__.py
updating lumensaliscplib\TerrainTronics\Harlech\Castle.py to F:\lib\TerrainTronics\Harlech\Castle.py
updating lumensaliscplib\TerrainTronics\Harlech\Castle.py to F:\lib\TerrainTronics\Harlech\Castle.py
updating lumensaliscplib\TerrainTronics\D1MiniBoardBase.py to F:\lib\TerrainTronics\D1MiniBoardBase.py
updating lumensaliscplib\TerrainTronics\D1MiniBoardBase.py to F:\lib\TerrainTronics\D1MiniBoardBase.py
updating lumensaliscplib\TerrainTronics\Harlech\Castle.py to F:\lib\TerrainTronics\Harlech\Castle.py
updating lumensaliscplib\TerrainTronics\Harlech\Castle.py to F:\lib\TerrainTronics\Harlech\Castle.py
updating lumensaliscplib\TerrainTronics\D1MiniBoardBase.py to F:\lib\TerrainTronics\D1MiniBoardBase.py
updating lumensaliscplib\TerrainTronics\Demos\TwinCastles.py to F:\lib\TerrainTronics\Demos\TwinCastles.py
updating lumensaliscplib\TerrainTronics\Demos\TwinCastles.py to F:\lib\TerrainTronics\Demos\TwinCastles.py
updating lumensaliscplib\TerrainTronics\Demos\TwinCastles.py to F:\lib\TerrainTronics\Demos\TwinCastles.py
updating lumensaliscplib\LumensalisCP\Controllers\__init__.py to F:\lib\LumensalisCP\Controllers\__init__.py
updating lumensaliscplib\TerrainTronics\Demos\TwinCastles.py to F:\lib\TerrainTronics\Demos\TwinCastles.py
updating lumensaliscplib\TerrainTronics\Demos\TwinCastles.py to F:\lib\TerrainTronics\Demos\TwinCastles.py
updating lumensaliscplib\TerrainTronics\Harlech\Castle.py to F:\lib\TerrainTronics\Harlech\Castle.py
updating lumensaliscplib\TerrainTronics\Demos\TwinCastles.py to F:\lib\TerrainTronics\Demos\TwinCastles.py
updating lumensaliscplib\TerrainTronics\Demos\TwinCastles.py to F:\lib\TerrainTronics\Demos\TwinCastles.py
updating lumensaliscplib\TerrainTronics\Harlech\Castle.py to F:\lib\TerrainTronics\Harlech\Castle.py
updating lumensaliscplib\TerrainTronics\Demos\TwinCastles.py to F:\lib\TerrainTronics\Demos\TwinCastles.py
updating lumensaliscplib\TerrainTronics\Demos\TwinCastles.py to F:\lib\TerrainTronics\Demos\TwinCastles.py
updating lumensaliscplib\TerrainTronics\Harlech\Castle.py to F:\lib\TerrainTronics\Harlech\Castle.py
updating lumensaliscplib\TerrainTronics\Demos\TwinCastles.py to F:\lib\TerrainTronics\Demos\TwinCastles.py
updating lumensaliscplib\TerrainTronics\Demos\HarlechDMX.py to F:\lib\TerrainTronics\Demos\HarlechDMX.py
updating lumensaliscplib\TerrainTronics\Demos\TwinCastles.py to F:\lib\TerrainTronics\Demos\TwinCastles.py
updating lumensaliscplib\TerrainTronics\Harlech\Castle.py to F:\lib\TerrainTronics\Harlech\Castle.py
updating lumensaliscplib\TerrainTronics\Demos\TwinCastles.py to F:\lib\TerrainTronics\Demos\TwinCastles.py
updating lumensaliscplib\TerrainTronics\Harlech\Castle.py to F:\lib\TerrainTronics\Harlech\Castle.py
updating lumensaliscplib\TerrainTronics\Demos\TwinCastles.py to F:\lib\TerrainTronics\Demos\TwinCastles.py
updating lumensaliscplib\TerrainTronics\Harlech\Castle.py to F:\lib\TerrainTronics\Harlech\Castle.py
updating lumensaliscplib\TerrainTronics\Demos\TwinCastles.py to F:\lib\TerrainTronics\Demos\TwinCastles.py
updating lumensaliscplib\TerrainTronics\Demos\TwinCastles.py to F:\lib\TerrainTronics\Demos\TwinCastles.py
updating lumensaliscplib\TerrainTronics\Harlech\Castle.py to F:\lib\TerrainTronics\Harlech\Castle.py
updating lumensaliscplib\TerrainTronics\Harlech\Castle.py to F:\lib\TerrainTronics\Harlech\Castle.py
updating lumensaliscplib\TerrainTronics\Demos\TwinCastles.py to F:\lib\TerrainTronics\Demos\TwinCastles.py
updating lumensaliscplib\TerrainTronics\Harlech\Castle.py to F:\lib\TerrainTronics\Harlech\Castle.py
updating lumensaliscplib\TerrainTronics\Demos\TwinCastles.py to F:\lib\TerrainTronics\Demos\TwinCastles.py
updating lumensaliscplib\TerrainTronics\Demos\TwinCastles.py to F:\lib\TerrainTronics\Demos\TwinCastles.py
updating lumensaliscplib\TerrainTronics\Demos\TwinCastles.py to F:\lib\TerrainTronics\Demos\TwinCastles.py
updating lumensaliscplib\TerrainTronics\Demos\TwinCastles.py to F:\lib\TerrainTronics\Demos\TwinCastles.py
updating lumensaliscplib\TerrainTronics\Demos\TwinCastles.py to F:\lib\TerrainTronics\Demos\TwinCastles.py
updating lumensaliscplib\TerrainTronics\Demos\TwinCastles.py to F:\lib\TerrainTronics\Demos\TwinCastles.py
updating lumensaliscplib\TerrainTronics\Demos\TwinCastles.py to F:\lib\TerrainTronics\Demos\TwinCastles.py
updating lumensaliscplib\TerrainTronics\Demos\TwinCastles.py to F:\lib\TerrainTronics\Demos\TwinCastles.py
updating lumensaliscplib\TerrainTronics\Demos\TwinCastles.py to F:\lib\TerrainTronics\Demos\TwinCastles.py
updating lumensaliscplib\TerrainTronics\Demos\CaernarfonNeoPixels.py to F:\lib\TerrainTronics\Demos\CaernarfonNeoPixels.py
updating lumensaliscplib\TerrainTronics\Demos\CaernarfonNeoPixels.py to F:\lib\TerrainTronics\Demos\CaernarfonNeoPixels.py
updating lumensaliscplib\LumensalisCP\Scenes\Scene.py to F:\lib\LumensalisCP\Scenes\Scene.py
updating lumensaliscplib\TerrainTronics\Caernarfon\Castle.py to F:\lib\TerrainTronics\Caernarfon\Castle.py
updating lumensaliscplib\TerrainTronics\Caernarfon\Castle.py to F:\lib\TerrainTronics\Caernarfon\Castle.py
updating lumensaliscplib\TerrainTronics\Caernarfon\Castle.py to F:\lib\TerrainTronics\Caernarfon\Castle.py
updating lumensaliscplib\TerrainTronics\Demos\CaernarfonNeoPixels.py to F:\lib\TerrainTronics\Demos\CaernarfonNeoPixels.py
updating lumensaliscplib\TerrainTronics\Demos\TwinCastles.py to F:\lib\TerrainTronics\Demos\TwinCastles.py
updating lumensaliscplib\TerrainTronics\Caernarfon\Castle.py to F:\lib\TerrainTronics\Caernarfon\Castle.py
updating lumensaliscplib\TerrainTronics\Demos\CaernarfonNeoPixels.py to F:\lib\TerrainTronics\Demos\CaernarfonNeoPixels.py
updating lumensaliscplib\TerrainTronics\Demos\CaernarfonNeoPixels.py to F:\lib\TerrainTronics\Demos\CaernarfonNeoPixels.py
updating lumensaliscplib\TerrainTronics\Demos\CaernarfonNeoPixels.py to F:\lib\TerrainTronics\Demos\CaernarfonNeoPixels.py
updating lumensaliscplib\TerrainTronics\Caernarfon\Castle.py to F:\lib\TerrainTronics\Caernarfon\Castle.py
updating lumensaliscplib\TerrainTronics\Demos\CaernarfonNeoPixels.py to F:\lib\TerrainTronics\Demos\CaernarfonNeoPixels.py
updating lumensaliscplib\LumensalisCP\Lights\Patterns.py to F:\lib\LumensalisCP\Lights\Patterns.py
updating lumensaliscplib\TerrainTronics\Demos\CaernarfonNeoPixels.py to F:\lib\TerrainTronics\Demos\CaernarfonNeoPixels.py
updating lumensaliscplib\LumensalisCP\Lights\Patterns.py to F:\lib\LumensalisCP\Lights\Patterns.py
updating lumensaliscplib\TerrainTronics\Demos\CaernarfonNeoPixels.py to F:\lib\TerrainTronics\Demos\CaernarfonNeoPixels.py
updating lumensaliscplib\LumensalisCP\Lights\Patterns.py to F:\lib\LumensalisCP\Lights\Patterns.py
updating lumensaliscplib\LumensalisCP\Lights\Patterns.py to F:\lib\LumensalisCP\Lights\Patterns.py
updating lumensaliscplib\TerrainTronics\Demos\CaernarfonNeoPixels.py to F:\lib\TerrainTronics\Demos\CaernarfonNeoPixels.py
updating lumensaliscplib\TerrainTronics\Demos\CaernarfonNeoPixels.py to F:\lib\TerrainTronics\Demos\CaernarfonNeoPixels.py
updating lumensaliscplib\LumensalisCP\Lights\Patterns.py to F:\lib\LumensalisCP\Lights\Patterns.py
updating lumensaliscplib\LumensalisCP\Lights\Patterns.py to F:\lib\LumensalisCP\Lights\Patterns.py
updating lumensaliscplib\LumensalisCP\Lights\Patterns.py to F:\lib\LumensalisCP\Lights\Patterns.py
updating lumensaliscplib\LumensalisCP\Lights\Patterns.py to F:\lib\LumensalisCP\Lights\Patterns.py
updating lumensaliscplib\TerrainTronics\Demos\CaernarfonNeoPixels.py to F:\lib\TerrainTronics\Demos\CaernarfonNeoPixels.py
updating lumensaliscplib\LumensalisCP\Lights\Patterns.py to F:\lib\LumensalisCP\Lights\Patterns.py
updating lumensaliscplib\TerrainTronics\Demos\CaernarfonNeoPixels.py to F:\lib\TerrainTronics\Demos\CaernarfonNeoPixels.py
updating lumensaliscplib\TerrainTronics\Demos\CaernarfonNeoPixels.py to F:\lib\TerrainTronics\Demos\CaernarfonNeoPixels.py
updating lumensaliscplib\TerrainTronics\Demos\CaernarfonNeoPixels.py to F:\lib\TerrainTronics\Demos\CaernarfonNeoPixels.py
updating lumensaliscplib\LumensalisCP\Lights\Patterns.py to F:\lib\LumensalisCP\Lights\Patterns.py
updating lumensaliscplib\LumensalisCP\Lights\Patterns.py to F:\lib\LumensalisCP\Lights\Patterns.py
updating lumensaliscplib\TerrainTronics\Demos\CaernarfonNeoPixels.py to F:\lib\TerrainTronics\Demos\CaernarfonNeoPixels.py
updating lumensaliscplib\TerrainTronics\Demos\CaernarfonNeoPixels.py to F:\lib\TerrainTronics\Demos\CaernarfonNeoPixels.py
updating lumensaliscplib\TerrainTronics\Demos\CaernarfonNeoPixels.py to F:\lib\TerrainTronics\Demos\CaernarfonNeoPixels.py
updating lumensaliscplib\TerrainTronics\Demos\CaernarfonNeoPixels.py to F:\lib\TerrainTronics\Demos\CaernarfonNeoPixels.py
updating lumensaliscplib\TerrainTronics\Demos\CaernarfonNeoPixels.py to F:\lib\TerrainTronics\Demos\CaernarfonNeoPixels.py
updating lumensaliscplib\LumensalisCP\I2C\Generic\VL530lx.py to F:\lib\LumensalisCP\I2C\Generic\VL530lx.py
updating lumensaliscplib\TerrainTronics\Demos\CaernarfonNeoPixels.py to F:\lib\TerrainTronics\Demos\CaernarfonNeoPixels.py
updating lumensaliscplib\TerrainTronics\Demos\CaernarfonNeoPixels.py to F:\lib\TerrainTronics\Demos\CaernarfonNeoPixels.py
updating lumensaliscplib\TerrainTronics\Demos\CaernarfonNeoPixels.py to F:\lib\TerrainTronics\Demos\CaernarfonNeoPixels.py
updating lumensaliscplib\TerrainTronics\Demos\CaernarfonNeoPixels.py to F:\lib\TerrainTronics\Demos\CaernarfonNeoPixels.py
updating lumensaliscplib\TerrainTronics\Demos\CaernarfonNeoPixels.py to F:\lib\TerrainTronics\Demos\CaernarfonNeoPixels.py
updating lumensaliscplib\TerrainTronics\Demos\CaernarfonNeoPixels.py to F:\lib\TerrainTronics\Demos\CaernarfonNeoPixels.py
updating lumensaliscplib\TerrainTronics\Demos\CaernarfonNeoPixels.py to F:\lib\TerrainTronics\Demos\CaernarfonNeoPixels.py
updating lumensaliscplib\TerrainTronics\Demos\CaernarfonNeoPixels.py to F:\lib\TerrainTronics\Demos\CaernarfonNeoPixels.py
updating lumensaliscplib\TerrainTronics\Demos\CaernarfonNeoPixels.py to F:\lib\TerrainTronics\Demos\CaernarfonNeoPixels.py
updating lumensaliscplib\TerrainTronics\Demos\CaernarfonNeoPixels.py to F:\lib\TerrainTronics\Demos\CaernarfonNeoPixels.py
updating lumensaliscplib\TerrainTronics\Demos\CaernarfonNeoPixels.py to F:\lib\TerrainTronics\Demos\CaernarfonNeoPixels.py
updating lumensaliscplib\LumensalisCP\Controllers\__init__.py to F:\lib\LumensalisCP\Controllers\__init__.py
updating lumensaliscplib\LumensalisCP\common.py to F:\lib\LumensalisCP\common.py
updating lumensaliscplib\TerrainTronics\Cilgerran\Castle.py to F:\lib\TerrainTronics\Cilgerran\Castle.py
updating lumensaliscplib\TerrainTronics\D1MiniBoardBase.py to F:\lib\TerrainTronics\D1MiniBoardBase.py
updating lumensaliscplib\LumensalisCP\Main\ControlVariables.py to F:\lib\LumensalisCP\Main\ControlVariables.py
updating lumensaliscplib\LumensalisCP\I2C\I2CTarget.py to F:\lib\LumensalisCP\I2C\I2CTarget.py
updating lumensaliscplib\TerrainTronics\Harlech\Castle.py to F:\lib\TerrainTronics\Harlech\Castle.py
updating lumensaliscplib\LumensalisCP\Main\Expressions.py to F:\lib\LumensalisCP\Main\Expressions.py
updating lumensaliscplib\TerrainTronics\Demos\DemoBase.py to F:\lib\TerrainTronics\Demos\DemoBase.py
updating lumensaliscplib\LumensalisCP\Scenes\Scene.py to F:\lib\LumensalisCP\Scenes\Scene.py
updating lumensaliscplib\LumensalisCP\Gadgets\IrRemote.py to F:\lib\LumensalisCP\Gadgets\IrRemote.py
updating lumensaliscplib\LumensalisCP\Gadgets\Servos.py to F:\lib\LumensalisCP\Gadgets\Servos.py
updating lumensaliscplib\TerrainTronics\Cilgerran\Castle.py to F:\lib\TerrainTronics\Cilgerran\Castle.py
updating lumensaliscplib\LumensalisCP\Main\Expressions.py to F:\lib\LumensalisCP\Main\Expressions.py
updating lumensaliscplib\LumensalisCP\Main\Dependents.py to F:\lib\LumensalisCP\Main\Dependents.py
updating lumensaliscplib\TerrainTronics\Factory.py to F:\lib\TerrainTronics\Factory.py
updating lumensaliscplib\TerrainTronics\Cilgerran\Castle.py to F:\lib\TerrainTronics\Cilgerran\Castle.py
updating lumensaliscplib\TerrainTronics\Factory.py to F:\lib\TerrainTronics\Factory.py
updating lumensaliscplib\TerrainTronics\Factory.pyi to F:\lib\TerrainTronics\Factory.pyi
updating lumensaliscplib\TerrainTronics\Factory.pyi to F:\lib\TerrainTronics\Factory.pyi
updating lumensaliscplib\TerrainTronics\Demos\Cilgerran\SimpleTest.py to F:\lib\TerrainTronics\Demos\Cilgerran\SimpleTest.py
updating lumensaliscplib\LumensalisCP\common.py to F:\lib\LumensalisCP\common.py
updating lumensaliscplib\LumensalisCP\Main\Manager.py to F:\lib\LumensalisCP\Main\Manager.py
updating lumensaliscplib\LumensalisCP\Lights\LightBase.py to F:\lib\LumensalisCP\Lights\LightBase.py
updating lumensaliscplib\TerrainTronics\Demos\CaernarfonNeoPixels.py to F:\lib\TerrainTronics\Demos\CaernarfonNeoPixels.py
updating lumensaliscplib\TerrainTronics\Cilgerran\Castle.py to F:\lib\TerrainTronics\Cilgerran\Castle.py
updating lumensaliscplib\TerrainTronics\Demos\Cilgerran\SimpleTest.py to F:\lib\TerrainTronics\Demos\Cilgerran\SimpleTest.py
updating lumensaliscplib\TerrainTronics\Cilgerran\Castle.py to F:\lib\TerrainTronics\Cilgerran\Castle.py
updating lumensaliscplib\TerrainTronics\Cilgerran\Castle.py to F:\lib\TerrainTronics\Cilgerran\Castle.py
updating lumensaliscplib\TerrainTronics\Cilgerran\Castle.py to F:\lib\TerrainTronics\Cilgerran\Castle.py
updating lumensaliscplib\TerrainTronics\Cilgerran\Castle.py to F:\lib\TerrainTronics\Cilgerran\Castle.py
updating lumensaliscplib\TerrainTronics\Cilgerran\Castle.py to F:\lib\TerrainTronics\Cilgerran\Castle.py
updating lumensaliscplib\LumensalisCP\Main\Expressions.py to F:\lib\LumensalisCP\Main\Expressions.py
updating lumensaliscplib\TerrainTronics\Cilgerran\Castle.py to F:\lib\TerrainTronics\Cilgerran\Castle.py
updating lumensaliscplib\TerrainTronics\Cilgerran\Castle.py to F:\lib\TerrainTronics\Cilgerran\Castle.py
updating lumensaliscplib\TerrainTronics\Cilgerran\Castle.py to F:\lib\TerrainTronics\Cilgerran\Castle.py
updating lumensaliscplib\LumensalisCP\Lights\LightBase.py to F:\lib\LumensalisCP\Lights\LightBase.py
updating lumensaliscplib\TerrainTronics\Cilgerran\Castle.py to F:\lib\TerrainTronics\Cilgerran\Castle.py
updating lumensaliscplib\TerrainTronics\Demos\Cilgerran\SimpleTest.py to F:\lib\TerrainTronics\Demos\Cilgerran\SimpleTest.py
updating lumensaliscplib\LumensalisCP\common.py to F:\lib\LumensalisCP\common.py
updating lumensaliscplib\TerrainTronics\Cilgerran\Castle.py to F:\lib\TerrainTronics\Cilgerran\Castle.py
updating lumensaliscplib\TerrainTronics\Cilgerran\Castle.py to F:\lib\TerrainTronics\Cilgerran\Castle.py
updating lumensaliscplib\LumensalisCP\common.py to F:\lib\LumensalisCP\common.py
updating lumensaliscplib\TerrainTronics\Cilgerran\Castle.py to F:\lib\TerrainTronics\Cilgerran\Castle.py
updating lumensaliscplib\LumensalisCP\Lights\Patterns.py to F:\lib\LumensalisCP\Lights\Patterns.py
updating lumensaliscplib\LumensalisCP\Lights\Patterns.py to F:\lib\LumensalisCP\Lights\Patterns.py
updating lumensaliscplib\TerrainTronics\Cilgerran\Castle.py to F:\lib\TerrainTronics\Cilgerran\Castle.py
updating lumensaliscplib\TerrainTronics\Cilgerran\Castle.py to F:\lib\TerrainTronics\Cilgerran\Castle.py
updating lumensaliscplib\TerrainTronics\Demos\Cilgerran\SimpleTest.py to F:\lib\TerrainTronics\Demos\Cilgerran\SimpleTest.py
updating lumensaliscplib\TerrainTronics\Demos\Cilgerran\SimpleTest.py to F:\lib\TerrainTronics\Demos\Cilgerran\SimpleTest.py
updating lumensaliscplib\TerrainTronics\Demos\Cilgerran\SimpleTest.py to F:\lib\TerrainTronics\Demos\Cilgerran\SimpleTest.py
updating lumensaliscplib\TerrainTronics\Demos\Cilgerran\SimpleTest.py to F:\lib\TerrainTronics\Demos\Cilgerran\SimpleTest.py
updating lumensaliscplib\TerrainTronics\Demos\Cilgerran\SimpleTest.py to F:\lib\TerrainTronics\Demos\Cilgerran\SimpleTest.py
updating lumensaliscplib\TerrainTronics\Demos\Cilgerran\SimpleTest.py to F:\lib\TerrainTronics\Demos\Cilgerran\SimpleTest.py
updating lumensaliscplib\TerrainTronics\Demos\Cilgerran\SimpleTest.py to F:\lib\TerrainTronics\Demos\Cilgerran\SimpleTest.py
updating lumensaliscplib\TerrainTronics\Demos\Cilgerran\SimpleTest.py to F:\lib\TerrainTronics\Demos\Cilgerran\SimpleTest.py
updating lumensaliscplib\TerrainTronics\Cilgerran\Castle.py to F:\lib\TerrainTronics\Cilgerran\Castle.py
updating lumensaliscplib\TerrainTronics\Factory.pyi to F:\lib\TerrainTronics\Factory.pyi
updating lumensaliscplib\TerrainTronics\D1MiniBoardBase.py to F:\lib\TerrainTronics\D1MiniBoardBase.py
updating lumensaliscplib\TerrainTronics\Factory.py to F:\lib\TerrainTronics\Factory.py
updating lumensaliscplib\TerrainTronics\Demos\Caerphilly\SimpleTest.py to F:\lib\TerrainTronics\Demos\Caerphilly\SimpleTest.py
updating lumensaliscplib\TerrainTronics\Demos\Caerphilly\SimpleTest.py to F:\lib\TerrainTronics\Demos\Caerphilly\SimpleTest.py
updating lumensaliscplib\TerrainTronics\Caerphilly\Castle.py to F:\lib\TerrainTronics\Caerphilly\Castle.py
updating lumensaliscplib\TerrainTronics\Caernarfon\Castle.py to F:\lib\TerrainTronics\Caernarfon\Castle.py
updating lumensaliscplib\TerrainTronics\Demos\Caerphilly\SimpleTest.py to F:\lib\TerrainTronics\Demos\Caerphilly\SimpleTest.py
updating lumensaliscplib\TerrainTronics\Demos\Caerphilly\SimpleTest.py to F:\lib\TerrainTronics\Demos\Caerphilly\SimpleTest.py
updating lumensaliscplib\LumensalisCP\Gadgets\IrRemote.py to F:\lib\LumensalisCP\Gadgets\IrRemote.py
updating lumensaliscplib\TerrainTronics\Caerphilly\Castle.py to F:\lib\TerrainTronics\Caerphilly\Castle.py
updating lumensaliscplib\LumensalisCP\Gadgets\IrRemote.py to F:\lib\LumensalisCP\Gadgets\IrRemote.py
updating lumensaliscplib\LumensalisCP\Gadgets\IrRemote.py to F:\lib\LumensalisCP\Gadgets\IrRemote.py
updating lumensaliscplib\TerrainTronics\Demos\Caerphilly\SimpleTest.py to F:\lib\TerrainTronics\Demos\Caerphilly\SimpleTest.py
updating lumensaliscplib\LumensalisCP\Gadgets\IrRemote.py to F:\lib\LumensalisCP\Gadgets\IrRemote.py
updating lumensaliscplib\TerrainTronics\Demos\Caerphilly\SimpleTest.py to F:\lib\TerrainTronics\Demos\Caerphilly\SimpleTest.py
updating lumensaliscplib\LumensalisCP\Gadgets\IrRemote.py to F:\lib\LumensalisCP\Gadgets\IrRemote.py
updating lumensaliscplib\LumensalisCP\Gadgets\IrRemote.py to F:\lib\LumensalisCP\Gadgets\IrRemote.py
updating lumensaliscplib\LumensalisCP\Gadgets\IrRemote.py to F:\lib\LumensalisCP\Gadgets\IrRemote.py
updating lumensaliscplib\TerrainTronics\Demos\Caerphilly\SimpleTest.py to F:\lib\TerrainTronics\Demos\Caerphilly\SimpleTest.py
updating lumensaliscplib\TerrainTronics\Demos\Caerphilly\SimpleTest.py to F:\lib\TerrainTronics\Demos\Caerphilly\SimpleTest.py
updating lumensaliscplib\TerrainTronics\Demos\Caerphilly\SimpleTest.py to F:\lib\TerrainTronics\Demos\Caerphilly\SimpleTest.py
updating lumensaliscplib\TerrainTronics\Demos\Caerphilly\SimpleTest.py to F:\lib\TerrainTronics\Demos\Caerphilly\SimpleTest.py
updating lumensaliscplib\TerrainTronics\Demos\Caerphilly\SimpleTest.py to F:\lib\TerrainTronics\Demos\Caerphilly\SimpleTest.py
updating lumensaliscplib\TerrainTronics\Demos\Caerphilly\SimpleTest.py to F:\lib\TerrainTronics\Demos\Caerphilly\SimpleTest.py
updating lumensaliscplib\TerrainTronics\Demos\Caerphilly\SimpleTest.py to F:\lib\TerrainTronics\Demos\Caerphilly\SimpleTest.py
updating lumensaliscplib\LumensalisCP\I2C\I2CFactory.py to F:\lib\LumensalisCP\I2C\I2CFactory.py
updating lumensaliscplib\TerrainTronics\Demos\Caerphilly\SimpleTest.py to F:\lib\TerrainTronics\Demos\Caerphilly\SimpleTest.py
updating lumensaliscplib\TerrainTronics\Demos\Caerphilly\SimpleTest.py to F:\lib\TerrainTronics\Demos\Caerphilly\SimpleTest.py
updating lumensaliscplib\LumensalisCP\EZDisplay\EZDisplayBase.py to F:\lib\LumensalisCP\EZDisplay\EZDisplayBase.py
updating lumensaliscplib\LumensalisCP\EZDisplay\EZDisplayBase.py to F:\lib\LumensalisCP\EZDisplay\EZDisplayBase.py
updating lumensaliscplib\LumensalisCP\EZDisplay\EZDisplayBase.py to F:\lib\LumensalisCP\EZDisplay\EZDisplayBase.py
updating lumensaliscplib\LumensalisCP\I2C\Generic\DisplayIO_SSD1306.py to F:\lib\LumensalisCP\I2C\Generic\DisplayIO_SSD1306.py
updating lumensaliscplib\LumensalisCP\EZDisplay\EZDisplayBase.py to F:\lib\LumensalisCP\EZDisplay\EZDisplayBase.py
updating lumensaliscplib\TerrainTronics\Caerphilly\Castle.py to F:\lib\TerrainTronics\Caerphilly\Castle.py
updating lumensaliscplib\LumensalisCP\Scenes\Scene.py to F:\lib\LumensalisCP\Scenes\Scene.py
updating lumensaliscplib\TerrainTronics\Caerphilly\Castle.py to F:\lib\TerrainTronics\Caerphilly\Castle.py
updating lumensaliscplib\TerrainTronics\Caerphilly\Castle.py to F:\lib\TerrainTronics\Caerphilly\Castle.py
updating lumensaliscplib\TerrainTronics\Demos\Caerphilly\SimpleTest.py to F:\lib\TerrainTronics\Demos\Caerphilly\SimpleTest.py
updating lumensaliscplib\TerrainTronics\Demos\Caerphilly\SimpleTest.py to F:\lib\TerrainTronics\Demos\Caerphilly\SimpleTest.py
updating lumensaliscplib\TerrainTronics\Demos\Caerphilly\SimpleTest.py to F:\lib\TerrainTronics\Demos\Caerphilly\SimpleTest.py
updating lumensaliscplib\TerrainTronics\Demos\Caerphilly\SimpleTest.py to F:\lib\TerrainTronics\Demos\Caerphilly\SimpleTest.py
updating lumensaliscplib\LumensalisCP\Scenes\Scene.py to F:\lib\LumensalisCP\Scenes\Scene.py
updating lumensaliscplib\TerrainTronics\Demos\Caerphilly\SimpleTest.py to F:\lib\TerrainTronics\Demos\Caerphilly\SimpleTest.py
updating lumensaliscplib\LumensalisCP\Scenes\Scene.py to F:\lib\LumensalisCP\Scenes\Scene.py
updating lumensaliscplib\TerrainTronics\Demos\Caerphilly\SimpleTest.py to F:\lib\TerrainTronics\Demos\Caerphilly\SimpleTest.py
updating lumensaliscplib\TerrainTronics\Demos\Caerphilly\SimpleTest.py to F:\lib\TerrainTronics\Demos\Caerphilly\SimpleTest.py
updating lumensaliscplib\TerrainTronics\Demos\Caerphilly\SimpleTest.py to F:\lib\TerrainTronics\Demos\Caerphilly\SimpleTest.py
updating lumensaliscplib\LumensalisCP\EZDisplay\EZDisplayBase.py to F:\lib\LumensalisCP\EZDisplay\EZDisplayBase.py
updating lumensaliscplib\LumensalisCP\EZDisplay\EZDisplayBase.py to F:\lib\LumensalisCP\EZDisplay\EZDisplayBase.py
updating lumensaliscplib\TerrainTronics\Demos\Caerphilly\SimpleTest.py to F:\lib\TerrainTronics\Demos\Caerphilly\SimpleTest.py
updating lumensaliscplib\TerrainTronics\Demos\Caerphilly\SimpleTest.py to F:\lib\TerrainTronics\Demos\Caerphilly\SimpleTest.py
updating lumensaliscplib\TerrainTronics\Demos\Caerphilly\SimpleTest.py to F:\lib\TerrainTronics\Demos\Caerphilly\SimpleTest.py
updating lumensaliscplib\TerrainTronics\Demos\Caerphilly\SimpleTest.py to F:\lib\TerrainTronics\Demos\Caerphilly\SimpleTest.py
updating lumensaliscplib\TerrainTronics\Demos\Caerphilly\SimpleTest.py to F:\lib\TerrainTronics\Demos\Caerphilly\SimpleTest.py
updating lumensaliscplib\LumensalisCP\Lights\Patterns.py to F:\lib\LumensalisCP\Lights\Patterns.py
updating lumensaliscplib\LumensalisCP\Lights\Patterns.py to F:\lib\LumensalisCP\Lights\Patterns.py
updating lumensaliscplib\LumensalisCP\Lights\Patterns.py to F:\lib\LumensalisCP\Lights\Patterns.py
updating lumensaliscplib\LumensalisCP\Lights\Patterns.py to F:\lib\LumensalisCP\Lights\Patterns.py
updating lumensaliscplib\LumensalisCP\Lights\Patterns.py to F:\lib\LumensalisCP\Lights\Patterns.py
updating lumensaliscplib\LumensalisCP\Lights\Patterns.py to F:\lib\LumensalisCP\Lights\Patterns.py
updating lumensaliscplib\LumensalisCP\Lights\Patterns.py to F:\lib\LumensalisCP\Lights\Patterns.py
